2022-10-17 16:13:59 bench end
2022-10-17 16:13:59 time 00:00:55.131  nodes 25 596 283 nps 464 282
2022-10-17 16:13:59 8/8/3pp1k1/1R4p1/3P4/4R1K1/3q4/8 w - - 0 84
2022-10-17 16:13:57 8/8/3pp1k1/1p4p1/3P4/4R1K1/q7/1R6 w - - 0 82
2022-10-17 16:13:50 4n3/7r/2kp1R2/1p5p/7P/P1PK4/1P5B/8 w - - 0 102
2022-10-17 16:13:42 rnbqkbnr/pppppppp/8/8/4P3/8/PPPP1PPP/RNBQKBNR b KQkq - 0 1
2022-10-17 16:13:37 rnbqkbnr/pppp1ppp/8/4p3/4P3/8/PPPP1PPP/RNBQKBNR w KQkq - 0 2
2022-10-17 16:13:25 r1bqkbnr/pppppppp/n7/8/4P3/8/PPPP1PPP/RNBQKBNR w KQkq - 0 2
2022-10-17 16:13:20 rnbqkbnr/pppppppp/8/8/8/8/PPPPPPPP/RNBQKBNR w KQkq - 0 0
2022-10-17 16:13:09 r2qk2r/pbpp1ppp/1pn1pn2/1Nb5/7P/1P2P3/PBPP1PP1/R2QKBNR w KQkq - 0 12
2022-10-17 16:13:09 8/p4p2/2R3k1/6p1/P2Br2p/5K2/4r3/8 b - - 0 109
2022-10-17 16:13:03 4q1k1/1p6/1Rb4p/R4B1P/1P2p3/4P3/1B3PK1/2r5 b - - 0 253
2022-10-17 16:13:03 bench start
2022-10-17 16:08:14 bench end
2022-10-17 16:08:14 time 00:01:02.233  nodes 0 nps 0
2022-10-17 16:08:14 8/8/3pp1k1/1R4p1/3P4/4R1K1/3q4/8 w - - 0 84
2022-10-17 16:08:13 8/8/3pp1k1/1p4p1/3P4/4R1K1/q7/1R6 w - - 0 82
2022-10-17 16:08:02 4n3/7r/2kp1R2/1p5p/7P/P1PK4/1P5B/8 w - - 0 102
2022-10-17 16:07:56 rnbqkbnr/pppppppp/8/8/4P3/8/PPPP1PPP/RNBQKBNR b KQkq - 0 1
2022-10-17 16:07:56 rnbqkbnr/pppp1ppp/8/4p3/4P3/8/PPPP1PPP/RNBQKBNR w KQkq - 0 2
2022-10-17 16:07:35 r1bqkbnr/pppppppp/n7/8/4P3/8/PPPP1PPP/RNBQKBNR w KQkq - 0 2
2022-10-17 16:07:30 rnbqkbnr/pppppppp/8/8/8/8/PPPPPPPP/RNBQKBNR w KQkq - 0 0
2022-10-17 16:07:17 r2qk2r/pbpp1ppp/1pn1pn2/1Nb5/7P/1P2P3/PBPP1PP1/R2QKBNR w KQkq - 0 12
2022-10-17 16:07:17 8/p4p2/2R3k1/6p1/P2Br2p/5K2/4r3/8 b - - 0 109
2022-10-17 16:07:12 4q1k1/1p6/1Rb4p/R4B1P/1P2p3/4P3/1B3PK1/2r5 b - - 0 253
2022-10-17 16:07:12 bench start
2022-10-17 04:28:53 bench end
2022-10-17 04:28:53 time 00:01:05.083 
2022-10-17 04:28:53 8/8/3pp1k1/1R4p1/3P4/4R1K1/3q4/8 w - - 0 84
2022-10-17 04:28:52 8/8/3pp1k1/1p4p1/3P4/4R1K1/q7/1R6 w - - 0 82
2022-10-17 04:28:46 4n3/7r/2kp1R2/1p5p/7P/P1PK4/1P5B/8 w - - 0 102
2022-10-17 04:28:38 rnbqkbnr/pppppppp/8/8/4P3/8/PPPP1PPP/RNBQKBNR b KQkq - 0 1
2022-10-17 04:28:32 rnbqkbnr/pppp1ppp/8/4p3/4P3/8/PPPP1PPP/RNBQKBNR w KQkq - 0 2
2022-10-17 04:28:18 r1bqkbnr/pppppppp/n7/8/4P3/8/PPPP1PPP/RNBQKBNR w KQkq - 0 2
2022-10-17 04:28:13 rnbqkbnr/pppppppp/8/8/8/8/PPPPPPPP/RNBQKBNR w KQkq - 0 0
2022-10-17 04:27:59 r2qk2r/pbpp1ppp/1pn1pn2/1Nb5/7P/1P2P3/PBPP1PP1/R2QKBNR w KQkq - 0 12
2022-10-17 04:27:58 8/p4p2/2R3k1/6p1/P2Br2p/5K2/4r3/8 b - - 0 109
2022-10-17 04:27:48 4q1k1/1p6/1Rb4p/R4B1P/1P2p3/4P3/1B3PK1/2r5 b - - 0 253
2022-10-17 04:27:48 bench start
2022-10-17 01:54:11 bench end
2022-10-17 01:54:11 time 00:00:53.393 
2022-10-17 01:54:11 8/8/3pp1k1/1R4p1/3P4/4R1K1/3q4/8 w - - 0 84
2022-10-17 01:54:09 8/8/3pp1k1/1p4p1/3P4/4R1K1/q7/1R6 w - - 0 82
2022-10-17 01:54:00 4n3/7r/2kp1R2/1p5p/7P/P1PK4/1P5B/8 w - - 0 102
2022-10-17 01:53:51 rnbqkbnr/pppppppp/8/8/4P3/8/PPPP1PPP/RNBQKBNR b KQkq - 0 1
2022-10-17 01:53:51 rnbqkbnr/pppp1ppp/8/4p3/4P3/8/PPPP1PPP/RNBQKBNR w KQkq - 0 2
2022-10-17 01:53:43 r1bqkbnr/pppppppp/n7/8/4P3/8/PPPP1PPP/RNBQKBNR w KQkq - 0 2
2022-10-17 01:53:38 rnbqkbnr/pppppppp/8/8/8/8/PPPPPPPP/RNBQKBNR w KQkq - 0 0
2022-10-17 01:53:25 r2qk2r/pbpp1ppp/1pn1pn2/1Nb5/7P/1P2P3/PBPP1PP1/R2QKBNR w KQkq - 0 12
2022-10-17 01:53:24 8/p4p2/2R3k1/6p1/P2Br2p/5K2/4r3/8 b - - 0 109
2022-10-17 01:53:17 4q1k1/1p6/1Rb4p/R4B1P/1P2p3/4P3/1B3PK1/2r5 b - - 33 127
2022-10-17 01:53:17 bench start
